<?xml version='1.0' encoding='UTF-8'?>
<testsuite hostname="DESKTOP-BN2O27J" name="FuzzyLogicDSLTest" tests="17" errors="0" failures="0" skipped="0" time="0.115" timestamp="2024-11-28T13:29:50">
          <properties>
      <property name="java.specification.version" value="17"/><property name="sun.cpu.isalist" value="amd64"/><property name="sun.jnu.encoding" value="GBK"/><property name="sun.arch.data.model" value="64"/><property name="java.vendor.url" value="https://java.oracle.com/"/><property name="sun.boot.library.path" value="C:\Program Files\Java\jdk-17\bin"/><property name="sun.java.command" value="xsbt.boot.Boot test"/><property name="jdk.debug" value="release"/><property name="sun.stderr.encoding" value="UTF-8"/><property name="java.specification.vendor" value="Oracle Corporation"/><property name="java.version.date" value="2024-01-16"/><property name="java.home" value="C:\Program Files\Java\jdk-17"/><property name="file.separator" value="\"/><property name="java.vm.compressedOopsMode" value="32-bit"/><property name="line.separator" value="
"/><property name="sun.stdout.encoding" value="UTF-8"/><property name="java.vm.specification.vendor" value="Oracle Corporation"/><property name="java.specification.name" value="Java Platform API Specification"/><property name="user.script" value=""/><property name="sun.management.compiler" value="HotSpot 64-Bit Tiered Compilers"/><property name="java.runtime.version" value="17.0.10+11-LTS-240"/><property name="user.name" value="babab"/><property name="log4j.ignoreTCL" value="true"/><property name="file.encoding" value="UTF-8"/><property name="jnidispatch.path" value="C:\Users\Holy\AppData\Local\Temp\jna-93492068\jna14947023348216606603.dll"/><property name="jna.loaded" value="true"/><property name="java.io.tmpdir" value="C:\Users\Holy\AppData\Local\Temp\"/><property name="java.version" value="17.0.10"/><property name="java.vm.specification.name" value="Java Virtual Machine Specification"/><property name="sun.os.patch.level" value=""/><property name="native.encoding" value="GBK"/><property name="java.library.path" value="C:\Program Files\Java\jdk-17\bin;C:\Windows\Sun\Java\bin;C:\Windows\system32;C:\Windows;C:\Program Files\Java\jdk-17\bin;C:\Program Files\Common Files\Oracle\Java\javapath;C:\Program Files (x86)\Common Files\Oracle\Java\java8path;C:\Program Files (x86)\Common Files\Oracle\Java\javapath;C:\Python310\Scripts\;C:\Python310\;C:\Perl64\site\bin;C:\Perl64\bin;C:\Program Files\NVIDIA GPU Computing Toolkit\CUDA\v11.1\bin;C:\Program Files\NVIDIA GPU Computing Toolkit\CUDA\v11.1\libnvvp;C:\Windows\system32;C:\Windows;C:\Windows\System32\Wbem;C:\Windows\System32\WindowsPowerShell\v1.0\;C:\Windows\System32\OpenSSH\;C:\Program Files (x86)\NVIDIA Corporation\PhysX\Common;C:\Program Files\NVIDIA Corporation\NVIDIA NvDLISR;C:\Program Files\Java\jre1.8.0_281\bin;C:\Program Files\Java\jre1.8.0_281\jre\bin;C:\Program Files\NVIDIA Corporation\Nsight Compute 2020.2.0\;D:\gradle\gradle-7.0\bin;D:\maven\apache-maven-3.8.1\bin;C:\Program Files (x86)\IDM Computer Solutions\UltraEdit;C:\Program Files\dotnet\;C:\Program Files\nodejs\;C:\ProgramData\chocolatey\bin;C:\Program Files\Git\cmd;C:\Program Files\Java\jdk1.8.0_281\bin;C:\Program Files\Go\bin;D:\spark-3.5.1-bin-hadoop3\bin;D:\anaconda;D:\anaconda\Library\mingw-w64\bin;D:\anaconda\Library\usr\bin;D:\anaconda\Library\bin;D:\anaconda\Scripts;C:\Users\Holy\AppData\Local\Microsoft\WindowsApps;C:\Users\Holy\AppData\Local\Programs\Microsoft VS Code\bin;C:\Maven\apache-maven-3.8.6\bin;C:\Users\Holy\AppData\Roaming\npm;C:\Users\Holy\AppData\Local\Coursier\data\bin;C:\Program Files\JetBrains\IntelliJ IDEA 2023.2.1\bin;;C:\Users\Holy\go\bin;C:\Program Files\Inet.Download.Manager.v6.39.3\IDM;C:\Users\Holy\.dotnet\tools;."/><property name="java.vendor" value="Oracle Corporation"/><property name="scala.ext.dirs" value="C:\Users\Holy\.sbt\1.0\java9-rt-ext-oracle_corporation_17_0_10"/><property name="sun.io.unicode.encoding" value="UnicodeLittle"/><property name="java.class.path" value="C:\Users\Holy\AppData\Local\Coursier\cache\arc\https\github.com\sbt\sbt\releases\download\v1.9.3\sbt-1.9.3.zip\sbt\bin\sbt-launch.jar"/><property name="java.vm.vendor" value="Oracle Corporation"/><property name="user.variant" value=""/><property name="jline.shutdownhook" value="false"/><property name="user.timezone" value="America/Chicago"/><property name="java.vm.specification.version" value="17"/><property name="os.name" value="Windows 10"/><property name="sun.java.launcher" value="SUN_STANDARD"/><property name="user.country" value="CN"/><property name="sun.cpu.endian" value="little"/><property name="user.home" value="C:\Users\Holy"/><property name="user.language" value="zh"/><property name="sbt.ipcsocket.tmpdir" value="C:\Users\Holy\AppData\Local\Temp\.sbtbf57c63a\ipcsocket"/><property name="swoval.tmpdir" value="C:\Users\Holy\AppData\Local\Temp\.sbtbf57c63a\swoval"/><property name="jline.esc.timeout" value="0"/><property name="path.separator" value=";"/><property name="os.version" value="10.0"/><property name="jna.nosys" value="true"/><property name="java.runtime.name" value="Java(TM) SE Runtime Environment"/><property name="java.vm.name" value="Java HotSpot(TM) 64-Bit Server VM"/><property name="java.vendor.url.bug" value="https://bugreport.java.com/bugreport/"/><property name="user.dir" value="D:\CS474-HW3"/><property name="os.arch" value="amd64"/><property name="java.vm.info" value="mixed mode, sharing"/><property name="java.vm.version" value="17.0.10+11-LTS-240"/><property name="java.class.version" value="61.0"/>
    </properties>
          <testcase classname="FuzzyLogicDSLTest" name="FuzzyLogicDSL should correctly evaluate ADD operation in a class method" time="0.05">
                      
                    </testcase><testcase classname="FuzzyLogicDSLTest" name="FuzzyLogicDSL should correctly evaluate XOR operation in a class method" time="0.001">
                      
                    </testcase><testcase classname="FuzzyLogicDSLTest" name="FuzzyLogicDSL should partially evaluate an expression with undefined variables" time="0.0">
                      
                    </testcase><testcase classname="FuzzyLogicDSLTest" name="FuzzyLogicDSL should fully evaluate expressions when all variables are defined" time="0.0">
                      
                    </testcase><testcase classname="FuzzyLogicDSLTest" name="FuzzyLogicDSL should partially and fully evaluate a class method" time="0.002">
                      
                    </testcase><testcase classname="FuzzyLogicDSLTest" name="FuzzyLogicDSL should correctly handle class inheritance and method overriding" time="0.001">
                      
                    </testcase><testcase classname="FuzzyLogicDSLTest" name="FuzzyLogicDSL should correctly evaluate GREATER_EQUAL, IFTRUE, THENEXECUTE, and ELSERUN with complex expressions" time="0.002">
                      
                    </testcase><testcase classname="FuzzyLogicDSLTest" name="FuzzySet operations for evaluations should partially and fully evaluate set operations" time="0.041">
                      
                    </testcase><testcase classname="FuzzyLogicDSLTest" name="FuzzySet operations for evaluations should correctly evaluate ADD operation on fuzzy sets in a class method" time="0.004">
                      
                    </testcase><testcase classname="FuzzyLogicDSLTest" name="FuzzySet operations for evaluations should correctly evaluate MULT operation on fuzzy sets in a class method" time="0.002">
                      
                    </testcase><testcase classname="FuzzyLogicDSLTest" name="FuzzySet operations for evaluations should correctly evaluate XOR operation on fuzzy sets in a class method" time="0.002">
                      
                    </testcase><testcase classname="FuzzyLogicDSLTest" name="FuzzySet operations for evaluations should correctly evaluate complement operation on a fuzzy set in a class method" time="0.002">
                      
                    </testcase><testcase classname="FuzzyLogicDSLTest" name="FuzzySet operations for evaluations should correctly evaluate union operation on fuzzy sets in a class method" time="0.001">
                      
                    </testcase><testcase classname="FuzzyLogicDSLTest" name="FuzzySet operations for evaluations should correctly evaluate intersection operation on fuzzy sets in a class method" time="0.001">
                      
                    </testcase><testcase classname="FuzzyLogicDSLTest" name="FuzzySet operations for evaluations should correctly evaluate inherited fuzzy set method in derived class" time="0.0">
                      
                    </testcase><testcase classname="FuzzyLogicDSLTest" name="FuzzySet operations for evaluations should correctly evaluate GREATER_EQUAL_SET, IFTRUE, THENEXECUTE, and ELSERUN with set operations" time="0.004">
                      
                    </testcase><testcase classname="FuzzyLogicDSLTest" name="FuzzySet operations for evaluations should correctly handle class inheritance with set operations and test all set operations" time="0.002">
                      
                    </testcase>
          <system-out><![CDATA[]]></system-out>
          <system-err><![CDATA[]]></system-err>
        </testsuite>